mode: set
github.com/Aryan-Patel5475/Go-Shell/builtins/cd.go:14.44,15.19 1 1
github.com/Aryan-Patel5475/Go-Shell/builtins/cd.go:16.9,17.20 1 1
github.com/Aryan-Patel5475/Go-Shell/builtins/cd.go:17.20,19.4 1 1
github.com/Aryan-Patel5475/Go-Shell/builtins/cd.go:20.3,20.27 1 1
github.com/Aryan-Patel5475/Go-Shell/builtins/cd.go:21.9,22.27 1 1
github.com/Aryan-Patel5475/Go-Shell/builtins/cd.go:23.10,24.90 1 1
github.com/Aryan-Patel5475/Go-Shell/builtins/echo.go:11.46,14.2 2 1
github.com/Aryan-Patel5475/Go-Shell/builtins/env.go:10.62,12.33 2 1
github.com/Aryan-Patel5475/Go-Shell/builtins/env.go:12.33,13.22 1 1
github.com/Aryan-Patel5475/Go-Shell/builtins/env.go:13.22,14.23 1 1
github.com/Aryan-Patel5475/Go-Shell/builtins/env.go:14.23,16.5 1 1
github.com/Aryan-Patel5475/Go-Shell/builtins/env.go:17.4,18.7 2 1
github.com/Aryan-Patel5475/Go-Shell/builtins/env.go:22.2,23.35 2 1
github.com/Aryan-Patel5475/Go-Shell/builtins/env.go:23.35,25.30 2 1
github.com/Aryan-Patel5475/Go-Shell/builtins/env.go:25.30,26.37 1 1
github.com/Aryan-Patel5475/Go-Shell/builtins/env.go:26.37,28.10 2 1
github.com/Aryan-Patel5475/Go-Shell/builtins/env.go:31.3,31.11 1 1
github.com/Aryan-Patel5475/Go-Shell/builtins/env.go:31.11,33.4 1 1
github.com/Aryan-Patel5475/Go-Shell/builtins/env.go:36.2,38.12 2 1
github.com/Aryan-Patel5475/Go-Shell/builtins/pwd.go:18.57,20.2 1 1
github.com/Aryan-Patel5475/Go-Shell/builtins/pwd.go:23.80,25.16 2 1
github.com/Aryan-Patel5475/Go-Shell/builtins/pwd.go:25.16,27.3 1 1
github.com/Aryan-Patel5475/Go-Shell/builtins/pwd.go:29.2,30.12 2 1
github.com/Aryan-Patel5475/Go-Shell/builtins/repeat.go:11.55,12.19 1 1
github.com/Aryan-Patel5475/Go-Shell/builtins/repeat.go:12.19,14.3 1 1
github.com/Aryan-Patel5475/Go-Shell/builtins/repeat.go:17.2,18.16 2 1
github.com/Aryan-Patel5475/Go-Shell/builtins/repeat.go:18.16,20.3 1 1
github.com/Aryan-Patel5475/Go-Shell/builtins/repeat.go:23.2,25.29 2 1
github.com/Aryan-Patel5475/Go-Shell/builtins/repeat.go:25.29,31.17 5 1
github.com/Aryan-Patel5475/Go-Shell/builtins/repeat.go:31.17,33.4 1 0
github.com/Aryan-Patel5475/Go-Shell/builtins/repeat.go:36.2,36.12 1 1
github.com/Aryan-Patel5475/Go-Shell/builtins/type.go:22.53,23.36 1 1
github.com/Aryan-Patel5475/Go-Shell/builtins/type.go:23.36,26.3 2 1
github.com/Aryan-Patel5475/Go-Shell/builtins/type.go:31.2,32.16 2 1
github.com/Aryan-Patel5475/Go-Shell/builtins/type.go:32.16,34.3 1 1
github.com/Aryan-Patel5475/Go-Shell/builtins/type.go:36.2,37.12 2 1
github.com/Aryan-Patel5475/Go-Shell/builtins/which.go:11.57,15.27 3 1
github.com/Aryan-Patel5475/Go-Shell/builtins/which.go:15.27,17.27 2 1
github.com/Aryan-Patel5475/Go-Shell/builtins/which.go:17.27,20.4 2 1
github.com/Aryan-Patel5475/Go-Shell/builtins/which.go:22.2,22.57 1 1
github.com/Aryan-Patel5475/Go-Shell/builtins/which.go:26.39,28.24 2 1
github.com/Aryan-Patel5475/Go-Shell/builtins/which.go:28.24,30.3 1 1
github.com/Aryan-Patel5475/Go-Shell/builtins/which.go:31.2,31.22 1 1
